[debug] [2020-09-18T14:57:02.524Z] ----------------------------------------------------------------------
[debug] [2020-09-18T14:57:02.525Z] Command:       /Users/MikeBrits/.nvm/versions/node/v14.5.0/bin/node /usr/local/bin/firebase deploy --only functions
[debug] [2020-09-18T14:57:02.525Z] CLI Version:   7.0.2
[debug] [2020-09-18T14:57:02.525Z] Platform:      darwin
[debug] [2020-09-18T14:57:02.526Z] Node Version:  v14.5.0
[debug] [2020-09-18T14:57:02.526Z] Time:          Fri Sep 18 2020 15:57:02 GMT+0100 (British Summer Time)
[debug] [2020-09-18T14:57:02.526Z] ----------------------------------------------------------------------
[debug] 
[debug] [2020-09-18T14:57:02.533Z] > command requires scopes: ["email","openid","https://www.googleapis.com/auth/cloudplatformprojects.readonly","https://www.googleapis.com/auth/firebase","https://www.googleapis.com/auth/cloud-platform"]
[debug] [2020-09-18T14:57:02.533Z] > authorizing via signed-in user
[debug] [2020-09-18T14:57:02.533Z] [iam] checking project caboot for permissions ["cloudfunctions.functions.create","cloudfunctions.functions.delete","cloudfunctions.functions.get","cloudfunctions.functions.list","cloudfunctions.functions.update","cloudfunctions.operations.get","firebase.projects.get"]
[debug] [2020-09-18T14:57:02.534Z] >>> HTTP REQUEST POST https://cloudresourcemanager.googleapis.com/v1/projects/caboot:testIamPermissions  

[debug] [2020-09-18T14:57:03.428Z] <<< HTTP RESPONSE 200
[debug] [2020-09-18T14:57:04.594Z] TypeError: Cannot read property 'wanted' of undefined
    at /usr/local/lib/node_modules/firebase-tools/lib/checkFirebaseSDKVersion.js:37:51
    at processTicksAndRejections (internal/process/task_queues.js:93:5)
[error] 
[error] Error: An unexpected error has occurred.
[debug] [2020-09-18T14:57:21.303Z] ----------------------------------------------------------------------
[debug] [2020-09-18T14:57:21.304Z] Command:       /Users/MikeBrits/.nvm/versions/node/v14.5.0/bin/node /usr/local/bin/firebase deploy --only functions
[debug] [2020-09-18T14:57:21.305Z] CLI Version:   7.0.2
[debug] [2020-09-18T14:57:21.305Z] Platform:      darwin
[debug] [2020-09-18T14:57:21.305Z] Node Version:  v14.5.0
[debug] [2020-09-18T14:57:21.305Z] Time:          Fri Sep 18 2020 15:57:21 GMT+0100 (British Summer Time)
[debug] [2020-09-18T14:57:21.305Z] ----------------------------------------------------------------------
[debug] 
[debug] [2020-09-18T14:57:21.312Z] > command requires scopes: ["email","openid","https://www.googleapis.com/auth/cloudplatformprojects.readonly","https://www.googleapis.com/auth/firebase","https://www.googleapis.com/auth/cloud-platform"]
[debug] [2020-09-18T14:57:21.312Z] > authorizing via signed-in user
[debug] [2020-09-18T14:57:21.312Z] [iam] checking project caboot for permissions ["cloudfunctions.functions.create","cloudfunctions.functions.delete","cloudfunctions.functions.get","cloudfunctions.functions.list","cloudfunctions.functions.update","cloudfunctions.operations.get","firebase.projects.get"]
[debug] [2020-09-18T14:57:21.313Z] >>> HTTP REQUEST POST https://cloudresourcemanager.googleapis.com/v1/projects/caboot:testIamPermissions  

[debug] [2020-09-18T14:57:21.683Z] <<< HTTP RESPONSE 200
[debug] [2020-09-18T14:57:22.964Z] TypeError: Cannot read property 'wanted' of undefined
    at /usr/local/lib/node_modules/firebase-tools/lib/checkFirebaseSDKVersion.js:37:51
    at processTicksAndRejections (internal/process/task_queues.js:93:5)
[error] 
[error] Error: An unexpected error has occurred.
[debug] [2020-09-18T14:58:05.614Z] ----------------------------------------------------------------------
[debug] [2020-09-18T14:58:05.615Z] Command:       /Users/MikeBrits/.nvm/versions/node/v14.5.0/bin/node /usr/local/bin/firebase deploy --only functions
[debug] [2020-09-18T14:58:05.615Z] CLI Version:   7.0.2
[debug] [2020-09-18T14:58:05.615Z] Platform:      darwin
[debug] [2020-09-18T14:58:05.615Z] Node Version:  v14.5.0
[debug] [2020-09-18T14:58:05.616Z] Time:          Fri Sep 18 2020 15:58:05 GMT+0100 (British Summer Time)
[debug] [2020-09-18T14:58:05.616Z] ----------------------------------------------------------------------
[debug] 
[debug] [2020-09-18T14:58:05.623Z] > command requires scopes: ["email","openid","https://www.googleapis.com/auth/cloudplatformprojects.readonly","https://www.googleapis.com/auth/firebase","https://www.googleapis.com/auth/cloud-platform"]
[debug] [2020-09-18T14:58:05.623Z] > authorizing via signed-in user
[debug] [2020-09-18T14:58:05.623Z] [iam] checking project caboot for permissions ["cloudfunctions.functions.create","cloudfunctions.functions.delete","cloudfunctions.functions.get","cloudfunctions.functions.list","cloudfunctions.functions.update","cloudfunctions.operations.get","firebase.projects.get"]
[debug] [2020-09-18T14:58:05.624Z] >>> HTTP REQUEST POST https://cloudresourcemanager.googleapis.com/v1/projects/caboot:testIamPermissions  

[debug] [2020-09-18T14:58:06.482Z] <<< HTTP RESPONSE 200
[debug] [2020-09-18T14:58:07.724Z] TypeError: Cannot read property 'wanted' of undefined
    at /usr/local/lib/node_modules/firebase-tools/lib/checkFirebaseSDKVersion.js:37:51
    at processTicksAndRejections (internal/process/task_queues.js:93:5)
[error] 
[error] Error: An unexpected error has occurred.
